INFO:root:Now processing sample 0
INFO:root:Now processing User Pandas(Index=261, userID=272)
INFO:root:Now on iteration 0
INFO:root:Now on pos 10000 of 83353 (12.0%)
INFO:root:Now on pos 20000 of 83353 (23.99%)
INFO:root:Now on pos 30000 of 83353 (35.99%)
INFO:root:Now on pos 40000 of 83353 (47.99%)
INFO:root:Now on pos 50000 of 83353 (59.99%)
INFO:root:Now on pos 60000 of 83353 (71.98%)
INFO:root:Now on pos 70000 of 83353 (83.98%)
INFO:root:Now on pos 80000 of 83353 (95.98%)
INFO:root:Now testing 1344 rows
INFO:root:Now testing 1344 rows
INFO:root:Now testing 1344 rows
INFO:root:Now testing 1344 rows
INFO:root:Now testing 1344 rows
INFO:root:Now testing 1344 rows
INFO:root:Now testing 1344 rows
INFO:root:Now testing 1344 rows
INFO:root:Now testing 1344 rows
INFO:root:Now testing 1344 rows
INFO:root:Now testing 1344 rows
INFO:root:Now testing 1344 rows
INFO:root:Now testing 1344 rows
INFO:root:Now testing 1344 rows
INFO:root:Now testing 1344 rows
INFO:root:Now testing 1344 rows
INFO:root:Now testing 1344 rows
INFO:root:Now testing 1344 rows
INFO:root:Now testing 1344 rows
INFO:root:Now testing 1344 rows
INFO:root:Now on pos 0 of 6719 (0.0%)
INFO:root:Now testing 1344 rows
INFO:root:Now testing 1344 rows
INFO:root:Now testing 1344 rows
INFO:root:Now testing 1344 rows
INFO:root:Now testing 5376 rows
INFO:root:Now testing 5376 rows
INFO:root:Now testing 5376 rows
INFO:root:Now testing 5376 rows
INFO:root:Now testing 5376 rows
INFO:root:Now testing 5376 rows
INFO:root:Now testing 5376 rows
INFO:root:Now testing 5376 rows
INFO:root:Now testing 5376 rows
INFO:root:Now testing 5376 rows
INFO:root:Now testing 5376 rows
INFO:root:Now testing 5376 rows
INFO:root:Now testing 5376 rows
INFO:root:Now testing 5376 rows
INFO:root:Now testing 5376 rows
INFO:root:Now testing 5376 rows
INFO:root:Now testing 5376 rows
INFO:root:Now testing 5376 rows
INFO:root:Now testing 5376 rows
INFO:root:Now testing 5376 rows
INFO:root:Now testing 5376 rows
INFO:root:Now testing 5376 rows
INFO:root:Now testing 5376 rows
INFO:root:Now testing 5376 rows
INFO:root:Now testing 5376 rows
INFO:root:Now testing 5376 rows
INFO:root:Now testing 5376 rows
INFO:root:Now testing 5376 rows
INFO:root:Now testing 5376 rows
INFO:root:Now testing 5376 rows
INFO:root:Now testing 5376 rows
INFO:root:Now testing 5376 rows
INFO:root:Now testing 5376 rows
INFO:root:Now testing 5376 rows
INFO:root:Now testing 5376 rows
INFO:root:Now testing 5376 rows
INFO:root:Now testing 5376 rows
INFO:root:Now testing 5376 rows
INFO:root:Now testing 5376 rows
INFO:root:Now testing 5376 rows
INFO:root:Now testing 217230 rows
INFO:root:Now testing 5376 rows
INFO:root:Now testing 217230 rows
INFO:root:Now on pos 10000 of 217231 (4.6%)
INFO:root:Now on pos 20000 of 217231 (9.21%)
INFO:root:Now on pos 30000 of 217231 (13.81%)
INFO:root:Now on pos 40000 of 217231 (18.41%)
INFO:root:Now on pos 50000 of 217231 (23.02%)
INFO:root:Now on pos 60000 of 217231 (27.62%)
INFO:root:Now on pos 70000 of 217231 (32.22%)
INFO:root:Now on pos 80000 of 217231 (36.83%)
INFO:root:Now on pos 90000 of 217231 (41.43%)
INFO:root:Now on pos 100000 of 217231 (46.03%)
INFO:root:Now on pos 110000 of 217231 (50.64%)
INFO:root:Now on pos 120000 of 217231 (55.24%)
INFO:root:Now on pos 130000 of 217231 (59.84%)
INFO:root:Now on pos 140000 of 217231 (64.45%)
INFO:root:Now on pos 150000 of 217231 (69.05%)
INFO:root:Now on pos 160000 of 217231 (73.65%)
INFO:root:Now on pos 170000 of 217231 (78.26%)
INFO:root:Now on pos 180000 of 217231 (82.86%)
INFO:root:Now on pos 190000 of 217231 (87.46%)
INFO:root:Now on pos 200000 of 217231 (92.07%)
INFO:root:Now on pos 210000 of 217231 (96.67%)
INFO:root:Now processing sample 0
INFO:root:Now processing User Pandas(Index=255, userID=266)
INFO:root:Now on iteration 0
INFO:root:Now on pos 10000 of 115049 (8.69%)
INFO:root:Now processing sample 0
INFO:root:Now processing User Pandas(Index=140, userID=151)
INFO:root:Now processing sample 0
INFO:root:Now processing User 178
INFO:root:Now processing sample 0
INFO:root:Now processing User 267
INFO:root:Now processing sample 0
INFO:root:Now processing User 143
INFO:root:Now on iteration 0
INFO:root:Now on pos 10000 of 42634 (23.46%)
INFO:root:Now on pos 20000 of 42634 (46.91%)
INFO:root:Now on pos 30000 of 42634 (70.37%)
INFO:root:Now on pos 40000 of 42634 (93.82%)
INFO:root:Now on iteration 1
INFO:root:Now on pos 10000 of 42634 (23.46%)
INFO:root:Now on pos 20000 of 42634 (46.91%)
INFO:root:Now on pos 30000 of 42634 (70.37%)
INFO:root:Now on pos 40000 of 42634 (93.82%)
INFO:root:Now on iteration 2
INFO:root:Now on pos 10000 of 42634 (23.46%)
INFO:root:Now on pos 20000 of 42634 (46.91%)
INFO:root:Now on pos 30000 of 42634 (70.37%)
INFO:root:Now on pos 40000 of 42634 (93.82%)
INFO:root:Now on iteration 3
INFO:root:Now on pos 10000 of 42634 (23.46%)
INFO:root:Now on pos 20000 of 42634 (46.91%)
INFO:root:Now on pos 30000 of 42634 (70.37%)
INFO:root:Now on pos 40000 of 42634 (93.82%)
INFO:root:Now on iteration 4
INFO:root:Now on pos 10000 of 42634 (23.46%)
INFO:root:Now on pos 20000 of 42634 (46.91%)
INFO:root:Now on pos 30000 of 42634 (70.37%)
INFO:root:Now on pos 40000 of 42634 (93.82%)
INFO:root:Now processing User 218
INFO:root:Now on iteration 0
INFO:root:Now on pos 10000 of 42634 (23.46%)
INFO:root:Now on pos 20000 of 42634 (46.91%)
INFO:root:Now on pos 30000 of 42634 (70.37%)
INFO:root:Now on pos 40000 of 42634 (93.82%)
INFO:root:Now on iteration 1
INFO:root:Now on pos 10000 of 42634 (23.46%)
INFO:root:Now on pos 20000 of 42634 (46.91%)
INFO:root:Now on pos 30000 of 42634 (70.37%)
INFO:root:Now on pos 40000 of 42634 (93.82%)
INFO:root:Now on iteration 2
INFO:root:Now on pos 10000 of 42634 (23.46%)
INFO:root:Now on pos 20000 of 42634 (46.91%)
INFO:root:Now on pos 30000 of 42634 (70.37%)
INFO:root:Now on pos 40000 of 42634 (93.82%)
INFO:root:Now on iteration 3
INFO:root:Now on pos 10000 of 42634 (23.46%)
INFO:root:Now on pos 20000 of 42634 (46.91%)
INFO:root:Now on pos 30000 of 42634 (70.37%)
INFO:root:Now on pos 40000 of 42634 (93.82%)
INFO:root:Now on iteration 4
INFO:root:Now on pos 10000 of 42634 (23.46%)
INFO:root:Now on pos 20000 of 42634 (46.91%)
INFO:root:Now on pos 30000 of 42634 (70.37%)
INFO:root:Now on pos 40000 of 42634 (93.82%)
INFO:root:Now processing User 246
INFO:root:Now on iteration 0
INFO:root:Now on pos 10000 of 42634 (23.46%)
INFO:root:Now on pos 20000 of 42634 (46.91%)
INFO:root:Now on pos 30000 of 42634 (70.37%)
INFO:root:Now on pos 40000 of 42634 (93.82%)
INFO:root:Now on iteration 1
INFO:root:Now on pos 10000 of 42634 (23.46%)
INFO:root:Now on pos 20000 of 42634 (46.91%)
INFO:root:Now on pos 30000 of 42634 (70.37%)
INFO:root:Now on pos 40000 of 42634 (93.82%)
INFO:root:Now on iteration 2
INFO:root:Now on pos 10000 of 42634 (23.46%)
INFO:root:Now on pos 20000 of 42634 (46.91%)
INFO:root:Now on pos 30000 of 42634 (70.37%)
INFO:root:Now on pos 40000 of 42634 (93.82%)
INFO:root:Now on iteration 3
INFO:root:Now on pos 10000 of 42634 (23.46%)
INFO:root:Now on pos 20000 of 42634 (46.91%)
INFO:root:Now on pos 30000 of 42634 (70.37%)
INFO:root:Now on pos 40000 of 42634 (93.82%)
INFO:root:Now on iteration 4
INFO:root:Now on pos 10000 of 42634 (23.46%)
INFO:root:Now on pos 20000 of 42634 (46.91%)
INFO:root:Now on pos 30000 of 42634 (70.37%)
INFO:root:Now on pos 40000 of 42634 (93.82%)
INFO:root:Now processing User 82
INFO:root:Now on iteration 0
INFO:root:Now on pos 10000 of 42634 (23.46%)
INFO:root:Now on pos 20000 of 42634 (46.91%)
INFO:root:Now on pos 30000 of 42634 (70.37%)
INFO:root:Now on pos 40000 of 42634 (93.82%)
INFO:root:Now on iteration 1
INFO:root:Now on pos 10000 of 42634 (23.46%)
INFO:root:Now on pos 20000 of 42634 (46.91%)
INFO:root:Now on pos 30000 of 42634 (70.37%)
INFO:root:Now on pos 40000 of 42634 (93.82%)
INFO:root:Now on iteration 2
INFO:root:Now on pos 10000 of 42634 (23.46%)
INFO:root:Now on pos 20000 of 42634 (46.91%)
INFO:root:Now on pos 30000 of 42634 (70.37%)
INFO:root:Now on pos 40000 of 42634 (93.82%)
INFO:root:Now on iteration 3
INFO:root:Now on pos 10000 of 42634 (23.46%)
INFO:root:Now on pos 20000 of 42634 (46.91%)
INFO:root:Now on pos 30000 of 42634 (70.37%)
INFO:root:Now on pos 40000 of 42634 (93.82%)
INFO:root:Now on iteration 4
INFO:root:Now on pos 10000 of 42634 (23.46%)
INFO:root:Now on pos 20000 of 42634 (46.91%)
INFO:root:Now on pos 30000 of 42634 (70.37%)
INFO:root:Now on pos 40000 of 42634 (93.82%)
INFO:root:Now processing User 112
INFO:root:Now on iteration 0
INFO:root:Now on pos 10000 of 42634 (23.46%)
INFO:root:Now on pos 20000 of 42634 (46.91%)
INFO:root:Now on pos 30000 of 42634 (70.37%)
INFO:root:Now on pos 40000 of 42634 (93.82%)
INFO:root:Now on iteration 1
INFO:root:Now on pos 10000 of 42634 (23.46%)
INFO:root:Now on pos 20000 of 42634 (46.91%)
INFO:root:Now on pos 30000 of 42634 (70.37%)
INFO:root:Now on pos 40000 of 42634 (93.82%)
INFO:root:Now on iteration 2
INFO:root:Now on pos 10000 of 42634 (23.46%)
INFO:root:Now on pos 20000 of 42634 (46.91%)
INFO:root:Now on pos 30000 of 42634 (70.37%)
INFO:root:Now on pos 40000 of 42634 (93.82%)
INFO:root:Now on iteration 3
INFO:root:Now on pos 10000 of 42634 (23.46%)
INFO:root:Now on pos 20000 of 42634 (46.91%)
INFO:root:Now on pos 30000 of 42634 (70.37%)
INFO:root:Now on pos 40000 of 42634 (93.82%)
INFO:root:Now on iteration 4
INFO:root:Now on pos 10000 of 42634 (23.46%)
INFO:root:Now on pos 20000 of 42634 (46.91%)
INFO:root:Now on pos 30000 of 42634 (70.37%)
INFO:root:Now on pos 40000 of 42634 (93.82%)
INFO:root:Now processing User 130
INFO:root:Now on iteration 0
INFO:root:Now on pos 10000 of 42634 (23.46%)
INFO:root:Now on pos 20000 of 42634 (46.91%)
INFO:root:Now on pos 30000 of 42634 (70.37%)
INFO:root:Now on pos 40000 of 42634 (93.82%)
INFO:root:Now on iteration 1
INFO:root:Now on pos 10000 of 42634 (23.46%)
INFO:root:Now on pos 20000 of 42634 (46.91%)
INFO:root:Now on pos 30000 of 42634 (70.37%)
INFO:root:Now on pos 40000 of 42634 (93.82%)
INFO:root:Now on iteration 2
INFO:root:Now on pos 10000 of 42634 (23.46%)
INFO:root:Now on pos 20000 of 42634 (46.91%)
INFO:root:Now on pos 30000 of 42634 (70.37%)
INFO:root:Now on pos 40000 of 42634 (93.82%)
INFO:root:Now on iteration 3
INFO:root:Now on pos 10000 of 42634 (23.46%)
INFO:root:Now on pos 20000 of 42634 (46.91%)
INFO:root:Now on pos 30000 of 42634 (70.37%)
INFO:root:Now on pos 40000 of 42634 (93.82%)
INFO:root:Now on iteration 4
INFO:root:Now on pos 10000 of 42634 (23.46%)
INFO:root:Now on pos 20000 of 42634 (46.91%)
INFO:root:Now on pos 30000 of 42634 (70.37%)
INFO:root:Now on pos 40000 of 42634 (93.82%)
INFO:root:Now processing User 95
INFO:root:Now on iteration 0
INFO:root:Now on pos 10000 of 42634 (23.46%)
INFO:root:Now on pos 20000 of 42634 (46.91%)
INFO:root:Now on pos 30000 of 42634 (70.37%)
INFO:root:Now on pos 40000 of 42634 (93.82%)
INFO:root:Now on iteration 1
INFO:root:Now on pos 10000 of 42634 (23.46%)
INFO:root:Now on pos 20000 of 42634 (46.91%)
INFO:root:Now on pos 30000 of 42634 (70.37%)
INFO:root:Now on pos 40000 of 42634 (93.82%)
INFO:root:Now on iteration 2
INFO:root:Now on pos 10000 of 42634 (23.46%)
INFO:root:Now on pos 20000 of 42634 (46.91%)
INFO:root:Now on pos 30000 of 42634 (70.37%)
INFO:root:Now on pos 40000 of 42634 (93.82%)
INFO:root:Now on iteration 3
INFO:root:Now on pos 10000 of 42634 (23.46%)
INFO:root:Now on pos 20000 of 42634 (46.91%)
INFO:root:Now on pos 30000 of 42634 (70.37%)
INFO:root:Now on pos 40000 of 42634 (93.82%)
INFO:root:Now on iteration 4
INFO:root:Now on pos 10000 of 42634 (23.46%)
INFO:root:Now on pos 20000 of 42634 (46.91%)
INFO:root:Now on pos 30000 of 42634 (70.37%)
INFO:root:Now on pos 40000 of 42634 (93.82%)
INFO:root:Now processing User 309
INFO:root:Now on iteration 0
INFO:root:Now on pos 10000 of 42634 (23.46%)
INFO:root:Now on pos 20000 of 42634 (46.91%)
INFO:root:Now on pos 30000 of 42634 (70.37%)
INFO:root:Now on pos 40000 of 42634 (93.82%)
INFO:root:Now on iteration 1
INFO:root:Now on pos 10000 of 42634 (23.46%)
INFO:root:Now on pos 20000 of 42634 (46.91%)
INFO:root:Now on pos 30000 of 42634 (70.37%)
INFO:root:Now on pos 40000 of 42634 (93.82%)
INFO:root:Now on iteration 2
INFO:root:Now on pos 10000 of 42634 (23.46%)
INFO:root:Now on pos 20000 of 42634 (46.91%)
INFO:root:Now on pos 30000 of 42634 (70.37%)
INFO:root:Now on pos 40000 of 42634 (93.82%)
INFO:root:Now on iteration 3
INFO:root:Now on pos 10000 of 42634 (23.46%)
INFO:root:Now on pos 20000 of 42634 (46.91%)
INFO:root:Now on pos 30000 of 42634 (70.37%)
INFO:root:Now on pos 40000 of 42634 (93.82%)
INFO:root:Now on iteration 4
INFO:root:Now on pos 10000 of 42634 (23.46%)
INFO:root:Now on pos 20000 of 42634 (46.91%)
INFO:root:Now on pos 30000 of 42634 (70.37%)
INFO:root:Now on pos 40000 of 42634 (93.82%)
INFO:root:Now processing User 43
INFO:root:Now on iteration 0
INFO:root:Now on pos 10000 of 42634 (23.46%)
INFO:root:Now on pos 20000 of 42634 (46.91%)
INFO:root:Now on pos 30000 of 42634 (70.37%)
INFO:root:Now on pos 40000 of 42634 (93.82%)
INFO:root:Now on iteration 1
INFO:root:Now on pos 10000 of 42634 (23.46%)
INFO:root:Now on pos 20000 of 42634 (46.91%)
INFO:root:Now on pos 30000 of 42634 (70.37%)
INFO:root:Now on pos 40000 of 42634 (93.82%)
INFO:root:Now on iteration 2
INFO:root:Now on pos 10000 of 42634 (23.46%)
INFO:root:Now on pos 20000 of 42634 (46.91%)
INFO:root:Now on pos 30000 of 42634 (70.37%)
INFO:root:Now on pos 40000 of 42634 (93.82%)
INFO:root:Now on iteration 3
INFO:root:Now on pos 10000 of 42634 (23.46%)
INFO:root:Now on pos 20000 of 42634 (46.91%)
INFO:root:Now on pos 30000 of 42634 (70.37%)
INFO:root:Now on pos 40000 of 42634 (93.82%)
INFO:root:Now on iteration 4
INFO:root:Now on pos 10000 of 42634 (23.46%)
INFO:root:Now on pos 20000 of 42634 (46.91%)
INFO:root:Now on pos 30000 of 42634 (70.37%)
INFO:root:Now on pos 40000 of 42634 (93.82%)
INFO:root:Now processing User 162
INFO:root:Now on iteration 0
INFO:root:Now on pos 10000 of 42634 (23.46%)
INFO:root:Now on pos 20000 of 42634 (46.91%)
INFO:root:Now on pos 30000 of 42634 (70.37%)
INFO:root:Now on pos 40000 of 42634 (93.82%)
INFO:root:Now on iteration 1
INFO:root:Now on pos 10000 of 42634 (23.46%)
INFO:root:Now on pos 20000 of 42634 (46.91%)
INFO:root:Now on pos 30000 of 42634 (70.37%)
INFO:root:Now on pos 40000 of 42634 (93.82%)
INFO:root:Now on iteration 2
INFO:root:Now on pos 10000 of 42634 (23.46%)
INFO:root:Now on pos 20000 of 42634 (46.91%)
INFO:root:Now on pos 30000 of 42634 (70.37%)
INFO:root:Now on pos 40000 of 42634 (93.82%)
INFO:root:Now on iteration 3
INFO:root:Now on pos 10000 of 42634 (23.46%)
INFO:root:Now on pos 20000 of 42634 (46.91%)
INFO:root:Now on pos 30000 of 42634 (70.37%)
INFO:root:Now on pos 40000 of 42634 (93.82%)
INFO:root:Now on iteration 4
INFO:root:Now on pos 10000 of 42634 (23.46%)
INFO:root:Now on pos 20000 of 42634 (46.91%)
INFO:root:Now on pos 30000 of 42634 (70.37%)
INFO:root:Now on pos 40000 of 42634 (93.82%)
INFO:root:Now processing sample 1
INFO:root:Now processing User 90
INFO:root:Now on iteration 0
INFO:root:Now on pos 10000 of 42634 (23.46%)
INFO:root:Now on pos 20000 of 42634 (46.91%)
INFO:root:Now on pos 30000 of 42634 (70.37%)
INFO:root:Now on pos 40000 of 42634 (93.82%)
INFO:root:Now on iteration 1
INFO:root:Now on pos 10000 of 42634 (23.46%)
INFO:root:Now on pos 20000 of 42634 (46.91%)
INFO:root:Now on pos 30000 of 42634 (70.37%)
INFO:root:Now on pos 40000 of 42634 (93.82%)
INFO:root:Now on iteration 2
INFO:root:Now on pos 10000 of 42634 (23.46%)
INFO:root:Now on pos 20000 of 42634 (46.91%)
INFO:root:Now on pos 30000 of 42634 (70.37%)
INFO:root:Now on pos 40000 of 42634 (93.82%)
INFO:root:Now on iteration 3
INFO:root:Now on pos 10000 of 42634 (23.46%)
INFO:root:Now on pos 20000 of 42634 (46.91%)
INFO:root:Now on pos 30000 of 42634 (70.37%)
INFO:root:Now on pos 40000 of 42634 (93.82%)
INFO:root:Now on iteration 4
INFO:root:Now on pos 10000 of 42634 (23.46%)
INFO:root:Now on pos 20000 of 42634 (46.91%)
INFO:root:Now on pos 30000 of 42634 (70.37%)
INFO:root:Now on pos 40000 of 42634 (93.82%)
INFO:root:Now processing User 185
INFO:root:Now on iteration 0
INFO:root:Now on pos 10000 of 42634 (23.46%)
INFO:root:Now on pos 20000 of 42634 (46.91%)
INFO:root:Now on pos 30000 of 42634 (70.37%)
INFO:root:Now on pos 40000 of 42634 (93.82%)
INFO:root:Now on iteration 1
INFO:root:Now on pos 10000 of 42634 (23.46%)
INFO:root:Now on pos 20000 of 42634 (46.91%)
INFO:root:Now on pos 30000 of 42634 (70.37%)
INFO:root:Now on pos 40000 of 42634 (93.82%)
INFO:root:Now on iteration 2
INFO:root:Now on pos 10000 of 42634 (23.46%)
INFO:root:Now on pos 20000 of 42634 (46.91%)
INFO:root:Now on pos 30000 of 42634 (70.37%)
INFO:root:Now on pos 40000 of 42634 (93.82%)
INFO:root:Now on iteration 3
INFO:root:Now on pos 10000 of 42634 (23.46%)
INFO:root:Now on pos 20000 of 42634 (46.91%)
INFO:root:Now on pos 30000 of 42634 (70.37%)
INFO:root:Now on pos 40000 of 42634 (93.82%)
INFO:root:Now on iteration 4
INFO:root:Now on pos 10000 of 42634 (23.46%)
INFO:root:Now on pos 20000 of 42634 (46.91%)
INFO:root:Now on pos 30000 of 42634 (70.37%)
INFO:root:Now on pos 40000 of 42634 (93.82%)
INFO:root:Now processing User 345
INFO:root:Now on iteration 0
INFO:root:Now on pos 10000 of 42634 (23.46%)
INFO:root:Now on pos 20000 of 42634 (46.91%)
INFO:root:Now on pos 30000 of 42634 (70.37%)
INFO:root:Now on pos 40000 of 42634 (93.82%)
INFO:root:Now on iteration 1
INFO:root:Now on pos 10000 of 42634 (23.46%)
INFO:root:Now on pos 20000 of 42634 (46.91%)
INFO:root:Now on pos 30000 of 42634 (70.37%)
INFO:root:Now on pos 40000 of 42634 (93.82%)
INFO:root:Now on iteration 2
INFO:root:Now on pos 10000 of 42634 (23.46%)
INFO:root:Now on pos 20000 of 42634 (46.91%)
INFO:root:Now on pos 30000 of 42634 (70.37%)
INFO:root:Now on pos 40000 of 42634 (93.82%)
INFO:root:Now on iteration 3
INFO:root:Now on pos 10000 of 42634 (23.46%)
INFO:root:Now on pos 20000 of 42634 (46.91%)
INFO:root:Now on pos 30000 of 42634 (70.37%)
INFO:root:Now on pos 40000 of 42634 (93.82%)
INFO:root:Now on iteration 4
INFO:root:Now on pos 10000 of 42634 (23.46%)
INFO:root:Now on pos 20000 of 42634 (46.91%)
INFO:root:Now on pos 30000 of 42634 (70.37%)
INFO:root:Now on pos 40000 of 42634 (93.82%)
INFO:root:Now processing User 120
INFO:root:Now on iteration 0
INFO:root:Now on pos 10000 of 42634 (23.46%)
INFO:root:Now on pos 20000 of 42634 (46.91%)
INFO:root:Now on pos 30000 of 42634 (70.37%)
INFO:root:Now on pos 40000 of 42634 (93.82%)
INFO:root:Now on iteration 1
INFO:root:Now on pos 10000 of 42634 (23.46%)
INFO:root:Now on pos 20000 of 42634 (46.91%)
INFO:root:Now on pos 30000 of 42634 (70.37%)
INFO:root:Now on pos 40000 of 42634 (93.82%)
INFO:root:Now on iteration 2
INFO:root:Now on pos 10000 of 42634 (23.46%)
INFO:root:Now on pos 20000 of 42634 (46.91%)
INFO:root:Now on pos 30000 of 42634 (70.37%)
INFO:root:Now on pos 40000 of 42634 (93.82%)
INFO:root:Now on iteration 3
INFO:root:Now on pos 10000 of 42634 (23.46%)
INFO:root:Now on pos 20000 of 42634 (46.91%)
INFO:root:Now on pos 30000 of 42634 (70.37%)
INFO:root:Now on pos 40000 of 42634 (93.82%)
INFO:root:Now on iteration 4
INFO:root:Now on pos 10000 of 42634 (23.46%)
INFO:root:Now on pos 20000 of 42634 (46.91%)
INFO:root:Now on pos 30000 of 42634 (70.37%)
INFO:root:Now on pos 40000 of 42634 (93.82%)
INFO:root:Now processing User 77
INFO:root:Now on iteration 0
INFO:root:Now on pos 10000 of 42634 (23.46%)
INFO:root:Now on pos 20000 of 42634 (46.91%)
INFO:root:Now on pos 30000 of 42634 (70.37%)
INFO:root:Now on pos 40000 of 42634 (93.82%)
INFO:root:Now on iteration 1
INFO:root:Now on pos 10000 of 42634 (23.46%)
INFO:root:Now on pos 20000 of 42634 (46.91%)
INFO:root:Now on pos 30000 of 42634 (70.37%)
INFO:root:Now on pos 40000 of 42634 (93.82%)
INFO:root:Now on iteration 2
INFO:root:Now on pos 10000 of 42634 (23.46%)
INFO:root:Now on pos 20000 of 42634 (46.91%)
INFO:root:Now on pos 30000 of 42634 (70.37%)
INFO:root:Now on pos 40000 of 42634 (93.82%)
INFO:root:Now on iteration 3
INFO:root:Now on pos 10000 of 42634 (23.46%)
INFO:root:Now on pos 20000 of 42634 (46.91%)
INFO:root:Now on pos 30000 of 42634 (70.37%)
INFO:root:Now on pos 40000 of 42634 (93.82%)
INFO:root:Now on iteration 4
INFO:root:Now on pos 10000 of 42634 (23.46%)
INFO:root:Now on pos 20000 of 42634 (46.91%)
INFO:root:Now on pos 30000 of 42634 (70.37%)
INFO:root:Now on pos 40000 of 42634 (93.82%)
INFO:root:Now processing User 76
INFO:root:Now on iteration 0
INFO:root:Now on pos 10000 of 42634 (23.46%)
INFO:root:Now on pos 20000 of 42634 (46.91%)
INFO:root:Now on pos 30000 of 42634 (70.37%)
INFO:root:Now on pos 40000 of 42634 (93.82%)
INFO:root:Now on iteration 1
INFO:root:Now on pos 10000 of 42634 (23.46%)
INFO:root:Now on pos 20000 of 42634 (46.91%)
INFO:root:Now on pos 30000 of 42634 (70.37%)
INFO:root:Now on pos 40000 of 42634 (93.82%)
INFO:root:Now on iteration 2
INFO:root:Now on pos 10000 of 42634 (23.46%)
INFO:root:Now on pos 20000 of 42634 (46.91%)
INFO:root:Now on pos 30000 of 42634 (70.37%)
INFO:root:Now on pos 40000 of 42634 (93.82%)
INFO:root:Now on iteration 3
INFO:root:Now on pos 10000 of 42634 (23.46%)
INFO:root:Now on pos 20000 of 42634 (46.91%)
INFO:root:Now on pos 30000 of 42634 (70.37%)
INFO:root:Now on pos 40000 of 42634 (93.82%)
INFO:root:Now on iteration 4
INFO:root:Now on pos 10000 of 42634 (23.46%)
INFO:root:Now on pos 20000 of 42634 (46.91%)
INFO:root:Now on pos 30000 of 42634 (70.37%)
INFO:root:Now on pos 40000 of 42634 (93.82%)
INFO:root:Now processing User 67
INFO:root:Now on iteration 0
INFO:root:Now on pos 10000 of 42634 (23.46%)
INFO:root:Now on pos 20000 of 42634 (46.91%)
INFO:root:Now on pos 30000 of 42634 (70.37%)
INFO:root:Now on pos 40000 of 42634 (93.82%)
INFO:root:Now on iteration 1
INFO:root:Now on pos 10000 of 42634 (23.46%)
INFO:root:Now on pos 20000 of 42634 (46.91%)
INFO:root:Now on pos 30000 of 42634 (70.37%)
INFO:root:Now on pos 40000 of 42634 (93.82%)
INFO:root:Now on iteration 2
INFO:root:Now on pos 10000 of 42634 (23.46%)
INFO:root:Now on pos 20000 of 42634 (46.91%)
INFO:root:Now on pos 30000 of 42634 (70.37%)
INFO:root:Now on pos 40000 of 42634 (93.82%)
INFO:root:Now on iteration 3
INFO:root:Now on pos 10000 of 42634 (23.46%)
INFO:root:Now on pos 20000 of 42634 (46.91%)
INFO:root:Now on pos 30000 of 42634 (70.37%)
INFO:root:Now on pos 40000 of 42634 (93.82%)
INFO:root:Now on iteration 4
INFO:root:Now on pos 10000 of 42634 (23.46%)
INFO:root:Now on pos 20000 of 42634 (46.91%)
INFO:root:Now on pos 30000 of 42634 (70.37%)
INFO:root:Now on pos 40000 of 42634 (93.82%)
INFO:root:Now processing User 47
INFO:root:Now on iteration 0
INFO:root:Now on pos 10000 of 42634 (23.46%)
INFO:root:Now on pos 20000 of 42634 (46.91%)
INFO:root:Now on pos 30000 of 42634 (70.37%)
INFO:root:Now on pos 40000 of 42634 (93.82%)
INFO:root:Now on iteration 1
INFO:root:Now on pos 10000 of 42634 (23.46%)
INFO:root:Now on pos 20000 of 42634 (46.91%)
INFO:root:Now on pos 30000 of 42634 (70.37%)
INFO:root:Now on pos 40000 of 42634 (93.82%)
INFO:root:Now on iteration 2
INFO:root:Now on pos 10000 of 42634 (23.46%)
INFO:root:Now on pos 20000 of 42634 (46.91%)
INFO:root:Now on pos 30000 of 42634 (70.37%)
INFO:root:Now on pos 40000 of 42634 (93.82%)
INFO:root:Now on iteration 3
INFO:root:Now on pos 10000 of 42634 (23.46%)
INFO:root:Now on pos 20000 of 42634 (46.91%)
INFO:root:Now on pos 30000 of 42634 (70.37%)
INFO:root:Now on pos 40000 of 42634 (93.82%)
INFO:root:Now on iteration 4
INFO:root:Now on pos 10000 of 42634 (23.46%)
INFO:root:Now on pos 20000 of 42634 (46.91%)
INFO:root:Now on pos 30000 of 42634 (70.37%)
INFO:root:Now on pos 40000 of 42634 (93.82%)
INFO:root:Now processing User 322
INFO:root:Now on iteration 0
INFO:root:Now on pos 10000 of 42634 (23.46%)
INFO:root:Now on pos 20000 of 42634 (46.91%)
INFO:root:Now on pos 30000 of 42634 (70.37%)
INFO:root:Now on pos 40000 of 42634 (93.82%)
INFO:root:Now on iteration 1
INFO:root:Now on pos 10000 of 42634 (23.46%)
INFO:root:Now on pos 20000 of 42634 (46.91%)
INFO:root:Now on pos 30000 of 42634 (70.37%)
INFO:root:Now on pos 40000 of 42634 (93.82%)
INFO:root:Now on iteration 2
INFO:root:Now on pos 10000 of 42634 (23.46%)
INFO:root:Now on pos 20000 of 42634 (46.91%)
INFO:root:Now on pos 30000 of 42634 (70.37%)
INFO:root:Now on pos 40000 of 42634 (93.82%)
INFO:root:Now on iteration 3
INFO:root:Now on pos 10000 of 42634 (23.46%)
INFO:root:Now on pos 20000 of 42634 (46.91%)
INFO:root:Now on pos 30000 of 42634 (70.37%)
INFO:root:Now on pos 40000 of 42634 (93.82%)
INFO:root:Now on iteration 4
INFO:root:Now on pos 10000 of 42634 (23.46%)
INFO:root:Now on pos 20000 of 42634 (46.91%)
INFO:root:Now on pos 30000 of 42634 (70.37%)
INFO:root:Now on pos 40000 of 42634 (93.82%)
INFO:root:Now processing User 159
INFO:root:Now on iteration 0
INFO:root:Now on pos 10000 of 42634 (23.46%)
INFO:root:Now on pos 20000 of 42634 (46.91%)
INFO:root:Now on pos 30000 of 42634 (70.37%)
INFO:root:Now on pos 40000 of 42634 (93.82%)
INFO:root:Now on iteration 1
INFO:root:Now on pos 10000 of 42634 (23.46%)
INFO:root:Now on pos 20000 of 42634 (46.91%)
INFO:root:Now on pos 30000 of 42634 (70.37%)
INFO:root:Now on pos 40000 of 42634 (93.82%)
INFO:root:Now on iteration 2
INFO:root:Now on pos 10000 of 42634 (23.46%)
INFO:root:Now on pos 20000 of 42634 (46.91%)
INFO:root:Now on pos 30000 of 42634 (70.37%)
INFO:root:Now on pos 40000 of 42634 (93.82%)
INFO:root:Now on iteration 3
INFO:root:Now on pos 10000 of 42634 (23.46%)
INFO:root:Now on pos 20000 of 42634 (46.91%)
INFO:root:Now on pos 30000 of 42634 (70.37%)
INFO:root:Now on pos 40000 of 42634 (93.82%)
INFO:root:Now on iteration 4
INFO:root:Now on pos 10000 of 42634 (23.46%)
INFO:root:Now on pos 20000 of 42634 (46.91%)
INFO:root:Now on pos 30000 of 42634 (70.37%)
INFO:root:Now on pos 40000 of 42634 (93.82%)
INFO:root:Now testing 2688 rows
INFO:root:Now testing 217230 rows
INFO:root:Now on pos 20000 of 217231 (9.21%)
INFO:root:Now on pos 40000 of 217231 (18.41%)
INFO:root:Now on pos 60000 of 217231 (27.62%)
INFO:root:Now on pos 80000 of 217231 (36.83%)
INFO:root:Now on pos 100000 of 217231 (46.03%)
INFO:root:Now on pos 120000 of 217231 (55.24%)
INFO:root:Now on pos 140000 of 217231 (64.45%)
INFO:root:Now on pos 160000 of 217231 (73.65%)
INFO:root:Now on pos 180000 of 217231 (82.86%)
INFO:root:Now on pos 200000 of 217231 (92.07%)
INFO:root:Now processing sample 0
INFO:root:Now processing User 96
INFO:root:Now processing sample 0
INFO:root:Now processing User 114
INFO:root:Now on iteration 0
INFO:root:Now on pos 10000 of 35448 (28.21%)
INFO:root:Now on iteration 1
INFO:root:Now on pos 10000 of 35448 (28.21%)
INFO:root:Now processing sample 0
INFO:root:Now processing User 350
INFO:root:Now on iteration 0
INFO:root:Now on pos 10000 of 22593 (44.26%)
INFO:root:Now on iteration 1
INFO:root:Now processing sample 0
INFO:root:Now processing User 175
INFO:root:Now on iteration 0
INFO:root:Now on pos 10000 of 45733 (21.87%)
INFO:root:Now processing sample 0
INFO:root:Now processing User 56
INFO:root:Now on iteration 0
INFO:root:Now on pos 10000 of 53640 (18.64%)
INFO:root:Now on pos 40000 of 53640 (74.57%)
INFO:root:Now on iteration 1
INFO:root:Now processing sample 0
INFO:root:Now processing User 277
INFO:root:Now on iteration 0
INFO:root:Now processing sample 0
INFO:root:Now processing User 261
INFO:root:Now on iteration 0
INFO:root:Now processing sample 0
INFO:root:Now processing User 348
INFO:root:Now on iteration 0
INFO:root:Now processing sample 0
INFO:root:Now processing User 178
INFO:root:Now on iteration 0
INFO:root:Now processing sample 0
INFO:root:Now processing User 308
INFO:root:Now on iteration 0
INFO:root:Now processing sample 0
INFO:root:Now processing User 198
INFO:root:Now on iteration 0
INFO:root:Now on iteration 0
INFO:root:Now on iteration 1
INFO:root:Now on iteration 2
INFO:root:Now on iteration 3
INFO:root:Now on iteration 4
INFO:root:Now on iteration 0
INFO:root:Now on iteration 1
INFO:root:Now on iteration 2
INFO:root:Now on iteration 3
INFO:root:Now on iteration 4
INFO:root:Now on iteration 0
INFO:root:Now on iteration 1
INFO:root:Now on iteration 2
INFO:root:Now on iteration 3
INFO:root:Now on iteration 4
INFO:root:Now testing 1000 rows
INFO:root:Now on iteration 0
INFO:root:Now on iteration 1
INFO:root:Now on iteration 2
INFO:root:Now on iteration 3
INFO:root:Now on iteration 4
INFO:root:Now testing 1000 rows
INFO:root:Now on iteration 0
INFO:root:Now on iteration 0
INFO:root:Now on iteration 0
INFO:root:Now on iteration 0
INFO:root:Now on iteration 0
INFO:root:Now on iteration 0
INFO:root:Now on iteration 0
INFO:root:Now on iteration 0
INFO:root:Now processing sample 0
INFO:root:Now processing User 76
INFO:root:Now on iteration 0
INFO:root:Now processing sample 0
INFO:root:Now processing User 239
INFO:root:Now on iteration 0
INFO:root:Now processing sample 0
INFO:root:Now processing User 127
INFO:root:Now on iteration 0
INFO:root:Now on iteration 0
INFO:root:Now processing sample 0
INFO:root:Now processing User 59
INFO:root:Now on iteration 0
INFO:root:Now on iteration 0
INFO:root:Now on iteration 0
INFO:root:Now on iteration 0
INFO:root:Now processing sample 0
INFO:root:Now processing User 182
INFO:root:Now on iteration 0
INFO:root:Now processing sample 0
INFO:root:Now processing User 84
INFO:root:Now on iteration 0
INFO:root:Now processing sample 0
INFO:root:Now processing User 19
INFO:root:Now on iteration 0
INFO:root:Now processing sample 0
INFO:root:Now processing User 179
INFO:root:Now on iteration 0
INFO:root:Now on iteration 0
INFO:root:Now on iteration 0
INFO:root:Now on iteration 0
INFO:root:Now on iteration 0
INFO:root:Now on iteration 0
INFO:root:Now on iteration 0
INFO:root:Now on iteration 0
INFO:root:Now on iteration 0
INFO:root:Now on iteration 1
INFO:root:Now on iteration 0
INFO:root:Now on iteration 1
INFO:root:Now on iteration 2
INFO:root:Now on iteration 3
INFO:root:Now on iteration 4
INFO:root:Now on iteration 0
INFO:root:Now on iteration 1
INFO:root:Now on iteration 2
INFO:root:Now on iteration 3
INFO:root:Now on iteration 4
INFO:root:Now testing 2000 rows
INFO:root:Now on iteration 0
INFO:root:Now on iteration 1
INFO:root:Now on iteration 2
INFO:root:Now on iteration 3
INFO:root:Now on iteration 4
INFO:root:Now on iteration 5
INFO:root:Now on iteration 6
INFO:root:Now on iteration 7
INFO:root:Now on iteration 8
INFO:root:Now on iteration 9
INFO:root:Now testing 2000 rows
INFO:root:Now on iteration 0
INFO:root:Now on iteration 1
INFO:root:Now on iteration 2
INFO:root:Now on iteration 3
INFO:root:Now on iteration 4
INFO:root:Now on iteration 5
INFO:root:Now on iteration 6
INFO:root:Now on iteration 7
INFO:root:Now on iteration 8
INFO:root:Now on iteration 9
INFO:root:Now testing 2000 rows
INFO:root:Now on iteration 0
INFO:root:Now on iteration 1
INFO:root:Now on iteration 2
INFO:root:Now on iteration 3
INFO:root:Now on iteration 4
INFO:root:Now on iteration 5
INFO:root:Now on iteration 6
INFO:root:Now on iteration 7
INFO:root:Now on iteration 8
INFO:root:Now on iteration 9
INFO:root:Now on iteration 10
INFO:root:Now on iteration 11
INFO:root:Now on iteration 12
INFO:root:Now on iteration 13
INFO:root:Now on iteration 14
INFO:root:Now on iteration 15
INFO:root:Now on iteration 16
INFO:root:Now on iteration 17
INFO:root:Now on iteration 18
INFO:root:Now on iteration 19
INFO:root:Now on iteration 20
INFO:root:Now on iteration 21
INFO:root:Now on iteration 22
INFO:root:Now on iteration 23
INFO:root:Now on iteration 24
INFO:root:Now on iteration 25
INFO:root:Now on iteration 26
INFO:root:Now on iteration 27
INFO:root:Now on iteration 28
INFO:root:Now on iteration 29
INFO:root:Now on iteration 30
INFO:root:Now on iteration 31
INFO:root:Now on iteration 32
INFO:root:Now on iteration 33
INFO:root:Now on iteration 34
INFO:root:Now on iteration 35
INFO:root:Now on iteration 36
INFO:root:Now on iteration 37
INFO:root:Now on iteration 38
INFO:root:Now on iteration 39
INFO:root:Now on iteration 40
INFO:root:Now on iteration 41
INFO:root:Now on iteration 42
INFO:root:Now on iteration 43
INFO:root:Now on iteration 44
INFO:root:Now on iteration 45
INFO:root:Now on iteration 46
INFO:root:Now on iteration 47
INFO:root:Now on iteration 48
INFO:root:Now on iteration 49
INFO:root:Now on iteration 50
INFO:root:Now on iteration 51
INFO:root:Now on iteration 52
INFO:root:Now on iteration 53
INFO:root:Now on iteration 54
INFO:root:Now on iteration 55
INFO:root:Now on iteration 56
INFO:root:Now on iteration 57
INFO:root:Now on iteration 58
INFO:root:Now on iteration 59
INFO:root:Now on iteration 60
INFO:root:Now on iteration 61
INFO:root:Now on iteration 62
INFO:root:Now on iteration 63
INFO:root:Now on iteration 64
INFO:root:Now on iteration 65
INFO:root:Now on iteration 66
INFO:root:Now on iteration 67
INFO:root:Now on iteration 68
INFO:root:Now on iteration 69
INFO:root:Now on iteration 70
INFO:root:Now on iteration 71
INFO:root:Now on iteration 72
INFO:root:Now on iteration 73
INFO:root:Now on iteration 74
INFO:root:Now on iteration 75
INFO:root:Now on iteration 76
INFO:root:Now on iteration 77
INFO:root:Now on iteration 78
INFO:root:Now on iteration 79
INFO:root:Now on iteration 80
INFO:root:Now on iteration 81
INFO:root:Now on iteration 82
INFO:root:Now on iteration 83
INFO:root:Now on iteration 84
INFO:root:Now on iteration 85
INFO:root:Now on iteration 86
INFO:root:Now on iteration 87
INFO:root:Now on iteration 88
INFO:root:Now on iteration 89
INFO:root:Now on iteration 90
INFO:root:Now on iteration 91
INFO:root:Now on iteration 92
INFO:root:Now on iteration 93
INFO:root:Now on iteration 94
INFO:root:Now on iteration 95
INFO:root:Now on iteration 96
INFO:root:Now on iteration 97
INFO:root:Now on iteration 98
INFO:root:Now on iteration 99
INFO:root:Now testing 2000 rows
INFO:root:Now on iteration 0
INFO:root:Now on iteration 1
INFO:root:Now on iteration 2
INFO:root:Now on iteration 3
INFO:root:Now on iteration 4
INFO:root:Now on iteration 5
INFO:root:Now on iteration 0
INFO:root:Now on iteration 0
INFO:root:Now on iteration 0
INFO:root:Now on iteration 0
INFO:root:Now on iteration 0
INFO:root:Now on iteration 0
INFO:root:Now on iteration 0
INFO:root:Now on iteration 0
INFO:root:Now on iteration 0
INFO:root:Now on iteration 0
INFO:root:Now on iteration 0
INFO:root:Now on iteration 0
INFO:root:Now processing sample 0
INFO:root:Now processing User 108
INFO:root:Now on iteration 0
INFO:root:Now on iteration 0
INFO:root:Now on iteration 0
INFO:root:Now on iteration 0
INFO:root:Now on iteration 0
INFO:root:Now on iteration 0
INFO:root:Now on iteration 0
INFO:root:Now on iteration 0
INFO:root:Now on iteration 0
INFO:root:Now on iteration 1
INFO:root:Now on iteration 2
INFO:root:Now on iteration 3
INFO:root:Now on iteration 4
INFO:root:Now on iteration 5
INFO:root:Now on iteration 6
INFO:root:Now on iteration 7
INFO:root:Now on iteration 8
INFO:root:Now on iteration 9
INFO:root:Now on iteration 10
INFO:root:Now on iteration 11
INFO:root:Now on iteration 12
INFO:root:Now on iteration 13
INFO:root:Now on iteration 14
INFO:root:Now on iteration 15
INFO:root:Now on iteration 16
INFO:root:Now on iteration 17
INFO:root:Now on iteration 18
INFO:root:Now on iteration 19
INFO:root:Now on iteration 20
INFO:root:Now on iteration 21
INFO:root:Now on iteration 22
INFO:root:Now on iteration 23
INFO:root:Now on iteration 24
INFO:root:Now on iteration 25
INFO:root:Now on iteration 26
INFO:root:Now on iteration 27
INFO:root:Now on iteration 28
INFO:root:Now on iteration 29
INFO:root:Now on iteration 30
INFO:root:Now on iteration 31
INFO:root:Now on iteration 32
INFO:root:Now on iteration 33
INFO:root:Now on iteration 34
INFO:root:Now on iteration 35
INFO:root:Now on iteration 36
INFO:root:Now on iteration 37
INFO:root:Now on iteration 38
INFO:root:Now on iteration 39
INFO:root:Now on iteration 40
INFO:root:Now on iteration 41
INFO:root:Now on iteration 42
INFO:root:Now on iteration 43
INFO:root:Now on iteration 44
INFO:root:Now on iteration 45
INFO:root:Now on iteration 46
INFO:root:Now on iteration 47
INFO:root:Now on iteration 48
INFO:root:Now on iteration 49
INFO:root:Now on iteration 50
INFO:root:Now on iteration 51
INFO:root:Now on iteration 52
INFO:root:Now on iteration 53
INFO:root:Now on iteration 54
INFO:root:Now on iteration 55
INFO:root:Now on iteration 56
INFO:root:Now on iteration 57
INFO:root:Now on iteration 58
INFO:root:Now on iteration 59
INFO:root:Now on iteration 60
INFO:root:Now on iteration 61
INFO:root:Now on iteration 62
INFO:root:Now on iteration 63
INFO:root:Now on iteration 64
INFO:root:Now on iteration 65
INFO:root:Now on iteration 66
INFO:root:Now on iteration 67
INFO:root:Now on iteration 68
INFO:root:Now on iteration 69
INFO:root:Now on iteration 70
INFO:root:Now on iteration 71
INFO:root:Now on iteration 72
INFO:root:Now on iteration 73
INFO:root:Now on iteration 74
INFO:root:Now on iteration 75
INFO:root:Now on iteration 76
INFO:root:Now on iteration 77
INFO:root:Now on iteration 78
INFO:root:Now on iteration 79
INFO:root:Now on iteration 80
INFO:root:Now on iteration 81
INFO:root:Now on iteration 82
INFO:root:Now on iteration 83
INFO:root:Now on iteration 84
INFO:root:Now on iteration 85
INFO:root:Now on iteration 86
INFO:root:Now on iteration 87
INFO:root:Now on iteration 88
INFO:root:Now on iteration 89
INFO:root:Now on iteration 90
INFO:root:Now on iteration 91
INFO:root:Now on iteration 92
INFO:root:Now on iteration 93
INFO:root:Now on iteration 94
INFO:root:Now on iteration 95
INFO:root:Now on iteration 96
INFO:root:Now on iteration 97
INFO:root:Now on iteration 98
INFO:root:Now on iteration 99
INFO:root:Now testing 4499 rows
INFO:root:Now testing 4499 rows
INFO:root:Now testing 4499 rows
INFO:root:Now testing 4499 rows
INFO:root:Now testing 4499 rows
INFO:root:Now testing 4499 rows
INFO:root:Now testing 4499 rows
INFO:root:Now testing 4499 rows
INFO:root:Now testing 4499 rows
INFO:root:Now testing 4499 rows
INFO:root:Now testing 4499 rows
INFO:root:Now testing 4499 rows
INFO:root:Now processing sample 0
INFO:root:Now processing User 55
INFO:root:Now on iteration 0
INFO:root:Now processing sample 0
INFO:root:Now processing User 166
INFO:root:Now on iteration 0
INFO:root:Now on pos 20000 of 40512 (49.37%)
INFO:root:Now on iteration 1
INFO:root:Now on pos 20000 of 40512 (49.37%)
INFO:root:Now on iteration 2
INFO:root:Now on pos 20000 of 40512 (49.37%)
INFO:root:Now on iteration 3
INFO:root:Now on pos 20000 of 40512 (49.37%)
INFO:root:Now on iteration 4
INFO:root:Now on pos 20000 of 40512 (49.37%)
INFO:root:Now on iteration 5
INFO:root:Now on pos 20000 of 40512 (49.37%)
INFO:root:Now on iteration 6
INFO:root:Now on pos 20000 of 40512 (49.37%)
INFO:root:Now on iteration 7
INFO:root:Now on pos 20000 of 40512 (49.37%)
INFO:root:Now on iteration 8
INFO:root:Now on pos 20000 of 40512 (49.37%)
INFO:root:Now on iteration 9
INFO:root:Now on pos 20000 of 40512 (49.37%)
INFO:root:Now testing 40512 rows
INFO:root:Now on pos 20000 of 40531 (49.34%)
INFO:root:Now on pos 40000 of 40531 (98.69%)
INFO:root:Now testing 2688 rows
INFO:root:Now testing 40512 rows
INFO:root:Now testing 40512 rows
INFO:root:Now on pos 20000 of 40531 (49.34%)
INFO:root:Now on pos 40000 of 40531 (98.69%)
INFO:root:Now processing sample 0
INFO:root:Now processing User 70
INFO:root:Now on pos 20000 of 30175 (66.28%)
INFO:root:Now on pos 20000 of 30175 (66.28%)
INFO:root:Now on pos 20000 of 30175 (66.28%)
INFO:root:Now on pos 20000 of 30175 (66.28%)
INFO:root:Now on pos 20000 of 30175 (66.28%)
INFO:root:Now on pos 20000 of 30175 (66.28%)
INFO:root:Now on pos 20000 of 30175 (66.28%)
INFO:root:Now on pos 20000 of 30175 (66.28%)
INFO:root:Now on pos 20000 of 30175 (66.28%)
INFO:root:Now on pos 20000 of 30175 (66.28%)
INFO:root:Now on pos 20000 of 30175 (66.28%)
INFO:root:Now on pos 20000 of 30175 (66.28%)
INFO:root:Now on pos 20000 of 30175 (66.28%)
INFO:root:Now on pos 20000 of 30175 (66.28%)
INFO:root:Now on pos 20000 of 30175 (66.28%)
INFO:root:Now on pos 20000 of 30175 (66.28%)
INFO:root:Now on pos 20000 of 30175 (66.28%)
INFO:root:Now on pos 20000 of 30175 (66.28%)
INFO:root:Now on pos 20000 of 30175 (66.28%)
INFO:root:Now on pos 20000 of 30175 (66.28%)
INFO:root:Now on pos 20000 of 30175 (66.28%)
INFO:root:Now on pos 20000 of 30175 (66.28%)
INFO:root:Now on pos 20000 of 30175 (66.28%)
INFO:root:Now on pos 20000 of 30175 (66.28%)
INFO:root:Now on pos 20000 of 30175 (66.28%)
INFO:root:Now on pos 20000 of 30175 (66.28%)
INFO:root:Now on pos 20000 of 30175 (66.28%)
INFO:root:Now on pos 20000 of 30175 (66.28%)
INFO:root:Now on pos 20000 of 30175 (66.28%)
INFO:root:Now on pos 20000 of 30175 (66.28%)
INFO:root:Now on pos 20000 of 30175 (66.28%)
INFO:root:Now on pos 20000 of 30175 (66.28%)
INFO:root:Now on pos 20000 of 30175 (66.28%)
INFO:root:Now on pos 20000 of 30175 (66.28%)
INFO:root:Now on pos 20000 of 30175 (66.28%)
INFO:root:Now on pos 20000 of 30175 (66.28%)
INFO:root:Now on pos 20000 of 30175 (66.28%)
INFO:root:Now on pos 20000 of 30175 (66.28%)
INFO:root:Now on pos 20000 of 30175 (66.28%)
INFO:root:Now on pos 20000 of 30175 (66.28%)
INFO:root:Now on pos 20000 of 30175 (66.28%)
INFO:root:Now on pos 20000 of 30175 (66.28%)
INFO:root:Now on pos 20000 of 30175 (66.28%)
INFO:root:Now on pos 20000 of 30175 (66.28%)
INFO:root:Now on pos 20000 of 30175 (66.28%)
INFO:root:Now on pos 20000 of 30175 (66.28%)
INFO:root:Now on pos 20000 of 30175 (66.28%)
INFO:root:Now on pos 20000 of 30175 (66.28%)
INFO:root:Now on pos 20000 of 30175 (66.28%)
INFO:root:Now on pos 20000 of 30175 (66.28%)
INFO:root:Now on pos 20000 of 30175 (66.28%)
INFO:root:Now on pos 20000 of 30175 (66.28%)
INFO:root:Now on pos 20000 of 30175 (66.28%)
INFO:root:Now on pos 20000 of 30175 (66.28%)
INFO:root:Now on pos 20000 of 30175 (66.28%)
INFO:root:Now on pos 20000 of 30175 (66.28%)
INFO:root:Now on pos 20000 of 30175 (66.28%)
INFO:root:Now on pos 20000 of 30175 (66.28%)
INFO:root:Now on pos 20000 of 30175 (66.28%)
INFO:root:Now on pos 20000 of 30175 (66.28%)
INFO:root:Now on pos 20000 of 30175 (66.28%)
INFO:root:Now on pos 20000 of 30175 (66.28%)
INFO:root:Now on pos 20000 of 30175 (66.28%)
INFO:root:Now on pos 20000 of 30175 (66.28%)
INFO:root:Now on pos 20000 of 30175 (66.28%)
INFO:root:Now processing sample 0
INFO:root:Now processing User 2
INFO:root:Now processing sample 0
INFO:root:Now processing User 136
INFO:root:Now processing sample 0
INFO:root:Now processing User 280
INFO:root:Now on pos 20000 of 59290 (33.73%)
INFO:root:Now on pos 50000 of 59290 (84.33%)
INFO:root:Now on pos 20000 of 59290 (33.73%)
INFO:root:Now on pos 50000 of 59290 (84.33%)
INFO:root:Now on pos 20000 of 59290 (33.73%)
INFO:root:Now on pos 50000 of 59290 (84.33%)
INFO:root:Now on pos 20000 of 59290 (33.73%)
INFO:root:Now on pos 50000 of 59290 (84.33%)
INFO:root:Now on pos 20000 of 59290 (33.73%)
INFO:root:Now on pos 50000 of 59290 (84.33%)
INFO:root:Now on pos 20000 of 59290 (33.73%)
INFO:root:Now on pos 50000 of 59290 (84.33%)
INFO:root:Now on pos 20000 of 59290 (33.73%)
INFO:root:Now on pos 50000 of 59290 (84.33%)
INFO:root:Now on pos 20000 of 59290 (33.73%)
INFO:root:Now on pos 50000 of 59290 (84.33%)
INFO:root:Now on pos 20000 of 59290 (33.73%)
INFO:root:Now on pos 50000 of 59290 (84.33%)
INFO:root:Now on pos 20000 of 59290 (33.73%)
INFO:root:Now on pos 50000 of 59290 (84.33%)
INFO:root:Now on pos 20000 of 59290 (33.73%)
INFO:root:Now on pos 50000 of 59290 (84.33%)
INFO:root:Now on pos 20000 of 59290 (33.73%)
INFO:root:Now on pos 50000 of 59290 (84.33%)
INFO:root:Now on pos 20000 of 59290 (33.73%)
INFO:root:Now on pos 50000 of 59290 (84.33%)
INFO:root:Now on pos 20000 of 59290 (33.73%)
INFO:root:Now on pos 50000 of 59290 (84.33%)
INFO:root:Now on pos 20000 of 59290 (33.73%)
INFO:root:Now on pos 50000 of 59290 (84.33%)
INFO:root:Now on pos 20000 of 59290 (33.73%)
INFO:root:Now on pos 50000 of 59290 (84.33%)
INFO:root:Now on pos 20000 of 59290 (33.73%)
INFO:root:Now on pos 50000 of 59290 (84.33%)
INFO:root:Now on pos 20000 of 59290 (33.73%)
INFO:root:Now on pos 50000 of 59290 (84.33%)
INFO:root:Now on pos 20000 of 59290 (33.73%)
INFO:root:Now on pos 50000 of 59290 (84.33%)
INFO:root:Now on pos 20000 of 59290 (33.73%)
INFO:root:Now on pos 50000 of 59290 (84.33%)
INFO:root:Now on pos 20000 of 59290 (33.73%)
INFO:root:Now on pos 50000 of 59290 (84.33%)
INFO:root:Now on pos 20000 of 59290 (33.73%)
INFO:root:Now on pos 50000 of 59290 (84.33%)
INFO:root:Now on pos 20000 of 59290 (33.73%)
INFO:root:Now on pos 50000 of 59290 (84.33%)
INFO:root:Now on pos 20000 of 59290 (33.73%)
INFO:root:Now on pos 50000 of 59290 (84.33%)
INFO:root:Now on pos 20000 of 59290 (33.73%)
INFO:root:Now on pos 50000 of 59290 (84.33%)
INFO:root:Now on pos 20000 of 59290 (33.73%)
INFO:root:Now on pos 50000 of 59290 (84.33%)
INFO:root:Now on pos 20000 of 59290 (33.73%)
INFO:root:Now on pos 50000 of 59290 (84.33%)
INFO:root:Now on pos 20000 of 59290 (33.73%)
INFO:root:Now on pos 50000 of 59290 (84.33%)
INFO:root:Now on pos 20000 of 59290 (33.73%)
INFO:root:Now on pos 50000 of 59290 (84.33%)
INFO:root:Now on pos 20000 of 59290 (33.73%)
INFO:root:Now on pos 50000 of 59290 (84.33%)
INFO:root:Now on pos 20000 of 59290 (33.73%)
INFO:root:Now on pos 50000 of 59290 (84.33%)
INFO:root:Now on pos 20000 of 59290 (33.73%)
INFO:root:Now on pos 50000 of 59290 (84.33%)
INFO:root:Now on pos 20000 of 59290 (33.73%)
INFO:root:Now on pos 50000 of 59290 (84.33%)
INFO:root:Now on pos 20000 of 59290 (33.73%)
INFO:root:Now on pos 50000 of 59290 (84.33%)
INFO:root:Now on pos 20000 of 59290 (33.73%)
INFO:root:Now on pos 50000 of 59290 (84.33%)
INFO:root:Now on pos 20000 of 59290 (33.73%)
INFO:root:Now on pos 50000 of 59290 (84.33%)
INFO:root:Now on pos 20000 of 59290 (33.73%)
INFO:root:Now on pos 50000 of 59290 (84.33%)
INFO:root:Now on pos 20000 of 59290 (33.73%)
INFO:root:Now on pos 50000 of 59290 (84.33%)
INFO:root:Now on pos 20000 of 59290 (33.73%)
INFO:root:Now on pos 50000 of 59290 (84.33%)
INFO:root:Now on pos 20000 of 59290 (33.73%)
INFO:root:Now on pos 50000 of 59290 (84.33%)
INFO:root:Now on pos 20000 of 59290 (33.73%)
INFO:root:Now on pos 50000 of 59290 (84.33%)
INFO:root:Now on pos 20000 of 59290 (33.73%)
INFO:root:Now on pos 50000 of 59290 (84.33%)
INFO:root:Now on pos 20000 of 59290 (33.73%)
INFO:root:Now on pos 50000 of 59290 (84.33%)
INFO:root:Now on pos 20000 of 59290 (33.73%)
INFO:root:Now testing 59290 rows
INFO:root:Now on pos 20000 of 59309 (33.72%)
INFO:root:Now on pos 40000 of 59309 (67.44%)
INFO:root:Now testing 2688 rows
INFO:root:Now testing 2688 rows
INFO:root:Now testing 217230 rows
INFO:root:Now on pos 20000 of 217249 (9.21%)
INFO:root:Now on pos 40000 of 217249 (18.41%)
INFO:root:Now on pos 60000 of 217249 (27.62%)
INFO:root:Now on pos 80000 of 217249 (36.82%)
INFO:root:Now on pos 100000 of 217249 (46.03%)
INFO:root:Now on pos 120000 of 217249 (55.24%)
INFO:root:Now on pos 140000 of 217249 (64.44%)
INFO:root:Now on pos 160000 of 217249 (73.65%)
INFO:root:Now on pos 180000 of 217249 (82.85%)
INFO:root:Now on pos 200000 of 217249 (92.06%)
INFO:root:Now processing sample 0
INFO:root:Now processing User 36
INFO:root:Now processing User 6
INFO:root:Now on pos 30000 of 47851 (62.69%)
INFO:root:Now on pos 30000 of 47851 (62.69%)
INFO:root:Now on pos 30000 of 47851 (62.69%)
INFO:root:Now on pos 30000 of 47851 (62.69%)
INFO:root:Now on pos 30000 of 47851 (62.69%)
INFO:root:Now on pos 30000 of 47851 (62.69%)
INFO:root:Now on pos 30000 of 47851 (62.69%)
INFO:root:Now on pos 30000 of 47851 (62.69%)
INFO:root:Now on pos 30000 of 47851 (62.69%)
INFO:root:Now on pos 30000 of 47851 (62.69%)
INFO:root:Now on pos 30000 of 47851 (62.69%)
INFO:root:Now on pos 30000 of 47851 (62.69%)
INFO:root:Now on pos 30000 of 47851 (62.69%)
INFO:root:Now on pos 30000 of 47851 (62.69%)
INFO:root:Now on pos 30000 of 47851 (62.69%)
INFO:root:Now on pos 30000 of 47851 (62.69%)
INFO:root:Now on pos 30000 of 47851 (62.69%)
INFO:root:Now on pos 30000 of 47851 (62.69%)
INFO:root:Now on pos 30000 of 47851 (62.69%)
INFO:root:Now on pos 30000 of 47851 (62.69%)
INFO:root:Now processing User 203
INFO:root:Now on pos 30000 of 50707 (59.16%)
INFO:root:Now on pos 30000 of 50707 (59.16%)
INFO:root:Now on pos 30000 of 50707 (59.16%)
INFO:root:Now on pos 30000 of 50707 (59.16%)
INFO:root:Now on pos 30000 of 50707 (59.16%)
INFO:root:Now on pos 30000 of 50707 (59.16%)
INFO:root:Now on pos 30000 of 50707 (59.16%)
INFO:root:Now on pos 30000 of 50707 (59.16%)
INFO:root:Now on pos 30000 of 50707 (59.16%)
INFO:root:Now on pos 30000 of 50707 (59.16%)
INFO:root:Now on pos 30000 of 50707 (59.16%)
INFO:root:Now on pos 30000 of 50707 (59.16%)
INFO:root:Now on pos 30000 of 50707 (59.16%)
INFO:root:Now on pos 30000 of 50707 (59.16%)
INFO:root:Now on pos 30000 of 50707 (59.16%)
INFO:root:Now on pos 30000 of 50707 (59.16%)
INFO:root:Now on pos 30000 of 50707 (59.16%)
INFO:root:Now on pos 30000 of 50707 (59.16%)
INFO:root:Now on pos 30000 of 50707 (59.16%)
INFO:root:Now on pos 30000 of 50707 (59.16%)
INFO:root:Now processing User 360
INFO:root:Now processing User 91
INFO:root:Now on pos 30000 of 33828 (88.68%)
INFO:root:Now on pos 30000 of 33828 (88.68%)
INFO:root:Now on pos 30000 of 33828 (88.68%)
INFO:root:Now on pos 30000 of 33828 (88.68%)
INFO:root:Now on pos 30000 of 33828 (88.68%)
INFO:root:Now on pos 30000 of 33828 (88.68%)
INFO:root:Now on pos 30000 of 33828 (88.68%)
INFO:root:Now on pos 30000 of 33828 (88.68%)
INFO:root:Now on pos 30000 of 33828 (88.68%)
INFO:root:Now on pos 30000 of 33828 (88.68%)
INFO:root:Now on pos 30000 of 33828 (88.68%)
INFO:root:Now on pos 30000 of 33828 (88.68%)
INFO:root:Now on pos 30000 of 33828 (88.68%)
INFO:root:Now on pos 30000 of 33828 (88.68%)
INFO:root:Now on pos 30000 of 33828 (88.68%)
INFO:root:Now on pos 30000 of 33828 (88.68%)
INFO:root:Now on pos 30000 of 33828 (88.68%)
INFO:root:Now on pos 30000 of 33828 (88.68%)
INFO:root:Now on pos 30000 of 33828 (88.68%)
INFO:root:Now on pos 30000 of 33828 (88.68%)
INFO:root:Now processing User 166
INFO:root:Now on pos 30000 of 40512 (74.05%)
INFO:root:Now on pos 30000 of 40512 (74.05%)
INFO:root:Now on pos 30000 of 40512 (74.05%)
INFO:root:Now on pos 30000 of 40512 (74.05%)
INFO:root:Now on pos 30000 of 40512 (74.05%)
INFO:root:Now on pos 30000 of 40512 (74.05%)
INFO:root:Now on pos 30000 of 40512 (74.05%)
INFO:root:Now on pos 30000 of 40512 (74.05%)
INFO:root:Now on pos 30000 of 40512 (74.05%)
INFO:root:Now on pos 30000 of 40512 (74.05%)
INFO:root:Now on pos 30000 of 40512 (74.05%)
INFO:root:Now on pos 30000 of 40512 (74.05%)
INFO:root:Now on pos 30000 of 40512 (74.05%)
INFO:root:Now on pos 30000 of 40512 (74.05%)
INFO:root:Now on pos 30000 of 40512 (74.05%)
INFO:root:Now on pos 30000 of 40512 (74.05%)
INFO:root:Now on pos 30000 of 40512 (74.05%)
INFO:root:Now on pos 30000 of 40512 (74.05%)
INFO:root:Now on pos 30000 of 40512 (74.05%)
INFO:root:Now on pos 30000 of 40512 (74.05%)
INFO:root:Now processing User 140
INFO:root:Now on pos 30000 of 53849 (55.71%)
INFO:root:Now on pos 30000 of 53849 (55.71%)
INFO:root:Now on pos 30000 of 53849 (55.71%)
INFO:root:Now on pos 30000 of 53849 (55.71%)
INFO:root:Now on pos 30000 of 53849 (55.71%)
INFO:root:Now on pos 30000 of 53849 (55.71%)
INFO:root:Now on pos 30000 of 53849 (55.71%)
INFO:root:Now on pos 30000 of 53849 (55.71%)
INFO:root:Now on pos 30000 of 53849 (55.71%)
INFO:root:Now on pos 30000 of 53849 (55.71%)
INFO:root:Now on pos 30000 of 53849 (55.71%)
INFO:root:Now on pos 30000 of 53849 (55.71%)
INFO:root:Now on pos 30000 of 53849 (55.71%)
INFO:root:Now on pos 30000 of 53849 (55.71%)
INFO:root:Now on pos 30000 of 53849 (55.71%)
INFO:root:Now on pos 30000 of 53849 (55.71%)
INFO:root:Now on pos 30000 of 53849 (55.71%)
INFO:root:Now on pos 30000 of 53849 (55.71%)
INFO:root:Now on pos 30000 of 53849 (55.71%)
INFO:root:Now on pos 30000 of 53849 (55.71%)
INFO:root:Now processing User 309
INFO:root:Now on pos 30000 of 56851 (52.77%)
INFO:root:Now on pos 30000 of 56851 (52.77%)
INFO:root:Now on pos 30000 of 56851 (52.77%)
INFO:root:Now on pos 30000 of 56851 (52.77%)
INFO:root:Now on pos 30000 of 56851 (52.77%)
INFO:root:Now on pos 30000 of 56851 (52.77%)
INFO:root:Now on pos 30000 of 56851 (52.77%)
INFO:root:Now on pos 30000 of 56851 (52.77%)
INFO:root:Now on pos 30000 of 56851 (52.77%)
INFO:root:Now on pos 30000 of 56851 (52.77%)
INFO:root:Now on pos 30000 of 56851 (52.77%)
INFO:root:Now on pos 30000 of 56851 (52.77%)
INFO:root:Now on pos 30000 of 56851 (52.77%)
INFO:root:Now on pos 30000 of 56851 (52.77%)
INFO:root:Now on pos 30000 of 56851 (52.77%)
INFO:root:Now on pos 30000 of 56851 (52.77%)
INFO:root:Now on pos 30000 of 56851 (52.77%)
INFO:root:Now on pos 30000 of 56851 (52.77%)
INFO:root:Now on pos 30000 of 56851 (52.77%)
INFO:root:Now on pos 30000 of 56851 (52.77%)
INFO:root:Now processing User 213
INFO:root:Now on pos 30000 of 36919 (81.26%)
INFO:root:Now on pos 30000 of 36919 (81.26%)
INFO:root:Now on pos 30000 of 36919 (81.26%)
INFO:root:Now on pos 30000 of 36919 (81.26%)
INFO:root:Now on pos 30000 of 36919 (81.26%)
INFO:root:Now on pos 30000 of 36919 (81.26%)
INFO:root:Now on pos 30000 of 36919 (81.26%)
INFO:root:Now on pos 30000 of 36919 (81.26%)
INFO:root:Now on pos 30000 of 36919 (81.26%)
INFO:root:Now on pos 30000 of 36919 (81.26%)
INFO:root:Now on pos 30000 of 36919 (81.26%)
INFO:root:Now on pos 30000 of 36919 (81.26%)
INFO:root:Now on pos 30000 of 36919 (81.26%)
INFO:root:Now on pos 30000 of 36919 (81.26%)
INFO:root:Now on pos 30000 of 36919 (81.26%)
INFO:root:Now on pos 30000 of 36919 (81.26%)
INFO:root:Now on pos 30000 of 36919 (81.26%)
INFO:root:Now on pos 30000 of 36919 (81.26%)
INFO:root:Now on pos 30000 of 36919 (81.26%)
INFO:root:Now on pos 30000 of 36919 (81.26%)
INFO:root:Now processing User 142
INFO:root:Now on pos 30000 of 70795 (42.38%)
INFO:root:Now on pos 60000 of 70795 (84.75%)
INFO:root:Now on pos 30000 of 70795 (42.38%)
INFO:root:Now on pos 60000 of 70795 (84.75%)
INFO:root:Now on pos 30000 of 70795 (42.38%)
INFO:root:Now on pos 60000 of 70795 (84.75%)
INFO:root:Now testing 70795 rows
INFO:root:Now on pos 20000 of 71130 (28.12%)
INFO:root:Now on pos 40000 of 71130 (56.24%)
INFO:root:Now on pos 60000 of 71130 (84.35%)
INFO:root:Now testing 4810 rows
INFO:root:Now testing 217230 rows
INFO:root:Now on pos 20000 of 217565 (9.19%)
INFO:root:Now on pos 40000 of 217565 (18.39%)
INFO:root:Now on pos 60000 of 217565 (27.58%)
INFO:root:Now on pos 80000 of 217565 (36.77%)
INFO:root:Now on pos 100000 of 217565 (45.96%)
INFO:root:Now on pos 120000 of 217565 (55.16%)
INFO:root:Now on pos 140000 of 217565 (64.35%)
INFO:root:Now on pos 160000 of 217565 (73.54%)
INFO:root:Now on pos 180000 of 217565 (82.73%)
INFO:root:Now on pos 200000 of 217565 (91.93%)
INFO:root:Now processing sample 0
INFO:root:Now processing User 118
INFO:root:Now processing sample 0
INFO:root:Now processing User 190
INFO:root:Now processing sample 0
INFO:root:Now processing User 18
INFO:root:Now processing sample 0
INFO:root:Now processing User 193
INFO:root:Now processing sample 0
INFO:root:Now processing User 284
INFO:root:Now on pos 30000 of 42984 (69.79%)
INFO:root:Now testing 42984 rows
INFO:root:Now testing 42984 rows
INFO:root:Now on pos 20000 of 43319 (46.17%)
INFO:root:Now on pos 40000 of 43319 (92.34%)
INFO:root:Now processing sample 0
INFO:root:Now processing User 2
INFO:root:Now processing sample 0
INFO:root:Now processing User 84
INFO:root:Now processing sample 0
INFO:root:Now processing User 97
INFO:root:Now processing sample 0
INFO:root:Now processing User 58
INFO:root:Now processing sample 0
INFO:root:Now processing User 83
INFO:root:Now processing sample 0
INFO:root:Now processing User 20
INFO:root:Now processing sample 0
INFO:root:Now processing User 63
INFO:root:Now processing sample 0
INFO:root:Now processing User 62
INFO:root:Now processing sample 0
INFO:root:Now processing User 96
INFO:root:Now processing sample 0
INFO:root:Now processing User 16
INFO:root:Now processing sample 0
INFO:root:Now processing User 95
INFO:root:Now processing sample 0
INFO:root:Now processing User 50
INFO:root:Now processing sample 0
INFO:root:Now processing User 63
INFO:root:Now processing sample 0
INFO:root:Now processing User 15
INFO:root:Now processing sample 0
INFO:root:Now processing User 86
INFO:root:Now processing sample 0
INFO:root:Now processing User 36
INFO:root:Now processing sample 0
INFO:root:Now processing User 60
INFO:root:Now processing sample 0
INFO:root:Now processing User 90
INFO:root:Now processing sample 0
INFO:root:Now processing User 48
INFO:root:Now processing sample 0
INFO:root:Now processing User 63
INFO:root:Now processing sample 0
INFO:root:Now processing User 49
INFO:root:Now processing sample 0
INFO:root:Now processing User 96
INFO:root:Now processing sample 0
INFO:root:Now processing User 90
INFO:root:Now processing sample 0
INFO:root:Now processing User 90
INFO:root:Now processing sample 0
INFO:root:Now processing User 18
INFO:root:Now processing sample 0
INFO:root:Now processing User 37
INFO:root:Now processing sample 0
INFO:root:Now processing User 84
INFO:root:Now processing sample 0
INFO:root:Now processing User 93
INFO:root:2017-08-07 10:54:33.318471 Now processing sample 0
INFO:root:2017-08-07 10:54:33.322760 Now processing User 89
INFO:root:2017-08-07 10:55:31.072932 Now processing sample 0
INFO:root:2017-08-07 10:55:31.078753 Now processing User 46
INFO:root:2017-08-07 10:56:50.690424 Now processing sample 0
INFO:root:2017-08-07 10:56:50.694993 Now processing User 57
INFO:root:2017-08-07 10:56:53.737156 Now processing User 39
INFO:root:2017-08-07 10:56:54.591490 Now on pos 1680 of 46903 (3.58%)
INFO:root:2017-08-07 10:57:12.564552 Now on pos 1684 of 46903 (3.59%)
INFO:root:2017-08-07 10:57:31.291017 Now on pos 1688 of 46903 (3.6%)
INFO:root:2017-08-07 10:57:54.189333 Now on pos 1692 of 46903 (3.61%)
INFO:root:2017-08-07 10:58:17.619678 Now on pos 1696 of 46903 (3.62%)
INFO:root:2017-08-07 10:58:40.704648 Now on pos 1700 of 46903 (3.62%)
INFO:root:2017-08-07 10:59:06.367263 Now on pos 1704 of 46903 (3.63%)
INFO:root:2017-08-07 10:59:33.913416 Now on pos 1708 of 46903 (3.64%)
INFO:root:2017-08-07 11:02:39.387255 Now processing sample 0
INFO:root:2017-08-07 11:02:39.393652 Now processing User 49
INFO:root:2017-08-07 11:10:55.570549 Now processing sample 0
INFO:root:2017-08-07 11:10:55.579348 Now processing User 12
INFO:root:2017-08-07 11:16:13.434414 Now processing sample 0
INFO:root:2017-08-07 11:16:13.439862 Now processing User 11
INFO:root:Now testing 61433 rows
INFO:root:Now testing 61433 rows
INFO:root:Now testing 61433 rows
INFO:root:Now testing 61433 rows
INFO:root:Now testing 61433 rows
INFO:root:Now testing 61433 rows
INFO:root:Now testing 61433 rows
INFO:root:Now testing 61433 rows
INFO:root:Now testing 61433 rows
INFO:root:Now on pos 1700 of 61433 (2.77%)
INFO:root:Now on pos 1800 of 61433 (2.93%)
INFO:root:Now on pos 1900 of 61433 (3.09%)
INFO:root:Now on pos 2000 of 61433 (3.26%)
INFO:root:Now on pos 2100 of 61433 (3.42%)
INFO:root:Now on pos 2200 of 61433 (3.58%)
INFO:root:Now on pos 2300 of 61433 (3.74%)
INFO:root:Now testing 61433 rows
INFO:root:Now testing 61433 rows
INFO:root:Now testing 61433 rows
INFO:root:Now testing 61433 rows
INFO:root:Now testing 61433 rows
INFO:root:Now testing 61433 rows
INFO:root:2017-08-07 13:48:05.322386 Now processing sample 0
INFO:root:2017-08-07 13:48:05.327788 Now processing User 92
INFO:root:Now testing 58058 rows
