\BOOKMARK [0][-]{section*.1}{\376\377\000A\000b\000s\000t\000r\000a\000c\000t}{}% 1
\BOOKMARK [0][-]{chapter.2}{\376\377\000I\000n\000t\000r\000o\000d\000u\000c\000t\000i\000o\000n}{}% 2
\BOOKMARK [1][-]{section.3}{\376\377\000C\000o\000n\000t\000e\000x\000t}{chapter.2}% 3
\BOOKMARK [1][-]{section.4}{\376\377\000D\000a\000t\000a}{chapter.2}% 4
\BOOKMARK [1][-]{section.5}{\376\377\000S\000t\000r\000u\000c\000t\000u\000r\000e\000\040\000o\000f\000\040\000t\000h\000e\000\040\000r\000e\000p\000o\000r\000t}{chapter.2}% 5
\BOOKMARK [1][-]{section.6}{\376\377\000C\000o\000d\000e}{chapter.2}% 6
\BOOKMARK [0][-]{chapter.7}{\376\377\000L\000i\000t\000e\000r\000a\000t\000u\000r\000e\000\040\000R\000e\000v\000i\000e\000w}{}% 7
\BOOKMARK [1][-]{section*.9}{\376\377\000C\000o\000n\000d\000i\000t\000i\000o\000n\000a\000l\000\040\000I\000n\000t\000e\000n\000s\000i\000t\000y\000\040\000F\000u\000n\000c\000t\000i\000o\000n}{chapter.7}% 8
\BOOKMARK [2][-]{section*.10}{\376\377\000D\000e\000e\000p\000\040\000L\000e\000a\000r\000n\000i\000n\000g}{section*.9}% 9
\BOOKMARK [2][-]{subsection.11}{\376\377\000R\000e\000c\000u\000r\000r\000e\000n\000t\000\040\000N\000e\000u\000r\000a\000l\000\040\000N\000e\000t\000w\000o\000r\000k\000s\000\040\000\050\000R\000N\000N\000\051}{section*.9}% 10
\BOOKMARK [1][-]{section.14}{\376\377\000S\000u\000m\000m\000a\000r\000y}{chapter.7}% 11
\BOOKMARK [0][-]{chapter.15}{\376\377\000E\000x\000p\000e\000r\000i\000m\000e\000n\000t\000a\000l\000\040\000D\000e\000s\000i\000g\000n}{}% 12
\BOOKMARK [1][-]{section.22}{\376\377\000D\000a\000t\000a\000\040\000p\000r\000e\000p\000a\000r\000a\000t\000i\000o\000n}{chapter.15}% 13
\BOOKMARK [2][-]{subsection.23}{\376\377\000D\000a\000t\000a\000\040\000t\000r\000a\000n\000s\000f\000o\000r\000m\000a\000t\000i\000o\000n}{section.22}% 14
\BOOKMARK [2][-]{subsection.24}{\376\377\000F\000e\000a\000t\000u\000r\000e\000\040\000s\000e\000l\000e\000c\000t\000i\000o\000n}{section.22}% 15
\BOOKMARK [1][-]{section.25}{\376\377\000V\000a\000l\000i\000d\000a\000t\000i\000o\000n\000\040\000a\000n\000d\000\040\000T\000e\000s\000t\000\040\000d\000a\000t\000a\000s\000e\000t\000\040\000s\000e\000l\000e\000c\000t\000i\000o\000n}{chapter.15}% 16
\BOOKMARK [2][-]{section*.26}{\376\377\000D\000a\000t\000a\000\040\000I\000m\000b\000a\000l\000a\000n\000c\000e}{section.25}% 17
\BOOKMARK [1][-]{section.27}{\376\377\000M\000e\000t\000h\000o\000d\000s}{chapter.15}% 18
\BOOKMARK [2][-]{subsection.28}{\376\377\000B\000a\000s\000e\000l\000i\000n\000e\000\040\000M\000o\000d\000e\000l}{section.27}% 19
\BOOKMARK [2][-]{subsection.29}{\376\377\000B\000a\000y\000e\000s\000i\000a\000n\000\040\000I\000n\000f\000e\000r\000e\000n\000c\000e}{section.27}% 20
\BOOKMARK [2][-]{subsection.31}{\376\377\000B\000i\000n\000a\000r\000y\000\040\000L\000o\000g\000i\000s\000t\000i\000c\000\040\000R\000e\000g\000r\000e\000s\000s\000i\000o\000n}{section.27}% 21
\BOOKMARK [2][-]{subsection.33}{\376\377\000L\000i\000n\000e\000a\000r\000\040\000S\000V\000M\000\040\000C\000l\000a\000s\000s\000i\000f\000i\000e\000r}{section.27}% 22
\BOOKMARK [2][-]{subsection.34}{\376\377\000R\000B\000F\000\040\000S\000V\000M\000\040\000C\000l\000a\000s\000s\000i\000f\000i\000e\000r}{section.27}% 23
\BOOKMARK [2][-]{subsection.35}{\376\377\000R\000N\000N\000-\000L\000S\000T\000M\000\040\000m\000o\000d\000e\000l}{section.27}% 24
\BOOKMARK [3][-]{section*.36}{\376\377\000B\000a\000t\000c\000h\000\040\000s\000h\000a\000p\000e}{subsection.35}% 25
\BOOKMARK [3][-]{section*.41}{\376\377\000S\000a\000m\000p\000l\000e\000s\000\040\000a\000n\000d\000\040\000i\000t\000e\000r\000a\000t\000i\000o\000n\000s}{subsection.35}% 26
\BOOKMARK [3][-]{section*.42}{\376\377\000C\000o\000s\000t\000\040\000f\000u\000n\000c\000t\000i\000o\000n\000\040\000a\000n\000d\000\040\000w\000e\000i\000g\000h\000t\000i\000n\000g}{subsection.35}% 27
\BOOKMARK [1][-]{section.54}{\376\377\000E\000v\000a\000l\000u\000a\000t\000i\000o\000n\000\040\000c\000r\000i\000t\000e\000r\000a}{chapter.15}% 28
\BOOKMARK [1][-]{section.55}{\376\377\000S\000u\000m\000m\000a\000r\000y}{chapter.15}% 29
\BOOKMARK [0][-]{chapter.56}{\376\377\000R\000e\000s\000u\000l\000t\000s}{}% 30
\BOOKMARK [1][-]{section.57}{\376\377\000P\000r\000e\000l\000i\000m\000i\000n\000a\000r\000y\000\040\000a\000n\000a\000l\000y\000s\000i\000s}{chapter.56}% 31
\BOOKMARK [2][-]{subsection.58}{\376\377\000D\000a\000i\000l\000y\000\040\000p\000l\000a\000y\000\040\000p\000a\000t\000t\000e\000r\000n\000s}{section.57}% 32
\BOOKMARK [2][-]{subsection.62}{\376\377\000O\000u\000t\000l\000i\000e\000r\000\040\000a\000n\000a\000l\000y\000s\000i\000s}{section.57}% 33
\BOOKMARK [2][-]{subsection.64}{\376\377\000T\000i\000m\000e\000-\000s\000e\000r\000i\000e\000s\000\040\000a\000n\000a\000l\000y\000s\000i\000s}{section.57}% 34
\BOOKMARK [1][-]{section.66}{\376\377\000M\000a\000i\000n\000\040\000r\000e\000s\000u\000l\000t\000s}{chapter.56}% 35
\BOOKMARK [2][-]{subsection.67}{\376\377\000S\000u\000m\000m\000a\000r\000y}{section.66}% 36
\BOOKMARK [1][-]{section.69}{\376\377\000B\000a\000y\000e\000s\000i\000a\000n\000\040\000I\000n\000f\000e\000r\000e\000n\000c\000e\000\040\000m\000o\000d\000e\000l}{chapter.56}% 37
\BOOKMARK [1][-]{section.73}{\376\377\000L\000o\000g\000i\000s\000t\000i\000c\000\040\000r\000e\000g\000r\000e\000s\000s\000i\000o\000n\000\040\000a\000n\000a\000l\000y\000s\000i\000s}{chapter.56}% 38
\BOOKMARK [1][-]{section.76}{\376\377\000S\000V\000M\000\040\000a\000n\000a\000l\000y\000s\000i\000s}{chapter.56}% 39
\BOOKMARK [1][-]{section.78}{\376\377\000R\000N\000N\000-\000L\000S\000T\000M\000\040\000a\000n\000a\000l\000y\000s\000i\000s}{chapter.56}% 40
\BOOKMARK [2][-]{section*.80}{\376\377\000E\000a\000r\000l\000y\000\040\000s\000t\000o\000p\000p\000i\000n\000g}{section.78}% 41
\BOOKMARK [3][-]{section*.81}{\376\377\000M\000o\000r\000e\000\040\000l\000a\000y\000e\000r\000s\000\040\000o\000r\000\040\000u\000n\000i\000t\000s\000\040\000d\000i\000d\000\040\000n\000o\000t\000\040\000i\000m\000p\000r\000o\000v\000e\000\040\000p\000e\000r\000f\000o\000r\000m\000a\000n\000c\000e}{section*.80}% 42
\BOOKMARK [3][-]{section*.82}{\376\377\000T\000h\000e\000\040\000s\000a\000m\000p\000l\000e\000\040\000w\000e\000i\000g\000h\000t\000i\000n\000g\000\040\000w\000a\000s\000\040\000c\000r\000i\000t\000i\000c\000a\000l}{section*.80}% 43
\BOOKMARK [3][-]{section*.83}{\376\377\000G\000o\000i\000n\000g\000\040\000b\000e\000y\000o\000n\000d\000\040\000a\000\040\0002\0004\000h\000o\000u\000r\000\040\000t\000i\000m\000e\000s\000t\000e\000p\000\040\000d\000i\000d\000\040\000n\000o\000t\000\040\000i\000m\000p\000r\000o\000v\000e\000\040\000p\000e\000r\000f\000o\000r\000m\000a\000n\000c\000e}{section*.80}% 44
\BOOKMARK [1][-]{section.84}{\376\377\000S\000u\000m\000m\000a\000r\000y}{chapter.56}% 45
\BOOKMARK [0][-]{chapter.85}{\376\377\000S\000u\000m\000m\000a\000r\000y}{}% 46
\BOOKMARK [1][-]{section.86}{\376\377\000C\000o\000n\000c\000l\000u\000s\000i\000o\000n}{chapter.85}% 47
\BOOKMARK [1][-]{section.87}{\376\377\000F\000u\000t\000u\000r\000e\000\040\000r\000e\000s\000e\000a\000r\000c\000h}{chapter.85}% 48
\BOOKMARK [0][-]{appendix*.95}{\376\377\000B\000i\000b\000l\000i\000o\000g\000r\000a\000p\000h\000y}{}% 49
