\BOOKMARK [0][-]{section*.1}{\376\377\000D\000e\000c\000l\000a\000r\000a\000t\000i\000o\000n\000\040\000o\000f\000\040\000A\000u\000t\000h\000o\000r\000s\000h\000i\000p}{}% 1
\BOOKMARK [0][-]{section*.2}{\376\377\000A\000b\000s\000t\000r\000a\000c\000t}{}% 2
\BOOKMARK [0][-]{chapter.3}{\376\377\000I\000n\000t\000r\000o\000d\000u\000c\000t\000i\000o\000n}{}% 3
\BOOKMARK [1][-]{section.4}{\376\377\000C\000o\000n\000t\000e\000x\000t}{chapter.3}% 4
\BOOKMARK [1][-]{section.5}{\376\377\000D\000a\000t\000a}{chapter.3}% 5
\BOOKMARK [1][-]{section.6}{\376\377\000S\000t\000r\000u\000c\000t\000u\000r\000e\000\040\000o\000f\000\040\000t\000h\000e\000\040\000r\000e\000p\000o\000r\000t}{chapter.3}% 6
\BOOKMARK [0][-]{chapter.7}{\376\377\000L\000i\000t\000e\000r\000a\000t\000u\000r\000e\000\040\000R\000e\000v\000i\000e\000w}{}% 7
\BOOKMARK [1][-]{section.9}{\376\377\000P\000o\000i\000s\000s\000o\000n\000\040\000P\000o\000i\000n\000t\000\040\000P\000r\000o\000c\000e\000s\000s}{chapter.7}% 8
\BOOKMARK [1][-]{section.10}{\376\377\000T\000e\000m\000p\000o\000r\000a\000l\000\040\000P\000o\000i\000n\000t\000\040\000P\000r\000o\000c\000e\000s\000s\000e\000s}{chapter.7}% 9
\BOOKMARK [2][-]{subsection.11}{\376\377\000C\000o\000n\000d\000i\000t\000i\000o\000n\000a\000l\000\040\000I\000n\000t\000e\000n\000s\000i\000t\000y\000\040\000F\000u\000n\000c\000t\000i\000o\000n\000\040\000i\000n\000\040\000P\000o\000i\000n\000t\000\040\000P\000r\000o\000c\000e\000s\000s\000e\000s}{section.10}% 10
\BOOKMARK [1][-]{section.12}{\376\377\000D\000e\000e\000p\000\040\000L\000e\000a\000r\000n\000i\000n\000g\000\040\000M\000o\000d\000e\000l\000s}{chapter.7}% 11
\BOOKMARK [2][-]{subsection.13}{\376\377\000R\000e\000c\000u\000r\000r\000e\000n\000t\000\040\000N\000e\000u\000r\000a\000l\000\040\000N\000e\000t\000w\000o\000r\000k\000s\000\040\000\050\000R\000N\000N\000\051}{section.12}% 12
\BOOKMARK [1][-]{section.16}{\376\377\000S\000u\000m\000m\000a\000r\000y}{chapter.7}% 13
\BOOKMARK [0][-]{chapter.17}{\376\377\000E\000x\000p\000e\000r\000i\000m\000e\000n\000t\000a\000l\000\040\000D\000e\000s\000i\000g\000n}{}% 14
\BOOKMARK [1][-]{section.24}{\376\377\000D\000a\000t\000a\000\040\000p\000r\000e\000p\000a\000r\000a\000t\000i\000o\000n}{chapter.17}% 15
\BOOKMARK [2][-]{subsection.25}{\376\377\000D\000a\000t\000a\000\040\000t\000r\000a\000n\000s\000f\000o\000r\000m\000a\000t\000i\000o\000n}{section.24}% 16
\BOOKMARK [2][-]{subsection.26}{\376\377\000T\000i\000m\000e\000-\000s\000e\000r\000i\000e\000s\000\040\000f\000e\000t\000u\000r\000e\000s}{section.24}% 17
\BOOKMARK [1][-]{section.27}{\376\377\000V\000a\000l\000i\000d\000a\000t\000i\000o\000n\000\040\000a\000n\000d\000\040\000T\000e\000s\000t\000\040\000d\000a\000t\000a\000s\000e\000t\000\040\000s\000e\000l\000e\000c\000t\000i\000o\000n}{chapter.17}% 18
\BOOKMARK [2][-]{section*.28}{\376\377\000D\000a\000t\000a\000\040\000I\000m\000b\000a\000l\000a\000n\000c\000e}{section.27}% 19
\BOOKMARK [1][-]{section.29}{\376\377\000M\000e\000t\000h\000o\000d\000s}{chapter.17}% 20
\BOOKMARK [2][-]{subsection.30}{\376\377\000B\000a\000s\000e\000l\000i\000n\000e\000\040\000M\000o\000d\000e\000l}{section.29}% 21
\BOOKMARK [2][-]{subsection.31}{\376\377\000B\000a\000y\000e\000s\000i\000a\000n\000\040\000I\000n\000f\000e\000r\000e\000n\000c\000e}{section.29}% 22
\BOOKMARK [2][-]{subsection.33}{\376\377\000B\000i\000n\000a\000r\000y\000\040\000L\000o\000g\000i\000s\000t\000i\000c\000\040\000R\000e\000g\000r\000e\000s\000s\000i\000o\000n}{section.29}% 23
\BOOKMARK [2][-]{subsection.34}{\376\377\000L\000i\000n\000e\000a\000r\000\040\000S\000V\000M\000\040\000C\000l\000a\000s\000s\000i\000f\000i\000e\000r}{section.29}% 24
\BOOKMARK [2][-]{subsection.35}{\376\377\000N\000o\000n\000-\000L\000i\000n\000e\000a\000r\000\040\000S\000V\000M\000\040\000C\000l\000a\000s\000s\000i\000f\000i\000e\000r}{section.29}% 25
\BOOKMARK [2][-]{subsection.36}{\376\377\000R\000e\000c\000u\000r\000r\000e\000n\000t\000\040\000N\000e\000u\000r\000a\000l\000\040\000N\000e\000t\000w\000o\000r\000k\000s}{section.29}% 26
\BOOKMARK [3][-]{section*.37}{\376\377\000B\000a\000t\000c\000h\000\040\000s\000h\000a\000p\000e}{subsection.36}% 27
\BOOKMARK [3][-]{section*.42}{\376\377\000S\000a\000m\000p\000l\000e\000s\000\040\000a\000n\000d\000\040\000i\000t\000e\000r\000a\000t\000i\000o\000n\000s}{subsection.36}% 28
\BOOKMARK [3][-]{section*.43}{\376\377\000C\000o\000s\000t\000\040\000f\000u\000n\000c\000t\000i\000o\000n\000\040\000a\000n\000d\000\040\000w\000e\000i\000g\000h\000t\000i\000n\000g}{subsection.36}% 29
\BOOKMARK [1][-]{section.57}{\376\377\000E\000v\000a\000l\000u\000a\000t\000i\000o\000n\000\040\000c\000r\000i\000t\000e\000r\000a}{chapter.17}% 30
\BOOKMARK [1][-]{section.58}{\376\377\000S\000u\000m\000m\000a\000r\000y}{chapter.17}% 31
\BOOKMARK [0][-]{chapter.59}{\376\377\000R\000e\000s\000u\000l\000t\000s}{}% 32
\BOOKMARK [1][-]{section.60}{\376\377\000P\000r\000e\000l\000i\000m\000i\000n\000a\000r\000y\000\040\000a\000n\000a\000l\000y\000s\000i\000s}{chapter.59}% 33
\BOOKMARK [2][-]{subsection.61}{\376\377\000D\000a\000i\000l\000y\000\040\000p\000l\000a\000y\000\040\000p\000a\000t\000t\000e\000r\000n\000s}{section.60}% 34
\BOOKMARK [2][-]{subsection.65}{\376\377\000I\000n\000t\000e\000r\000-\000e\000v\000e\000n\000t\000\040\000t\000i\000m\000e\000s}{section.60}% 35
\BOOKMARK [2][-]{subsection.66}{\376\377\000T\000i\000m\000e\000-\000s\000e\000r\000i\000e\000s\000\040\000a\000n\000a\000l\000y\000s\000i\000s}{section.60}% 36
\BOOKMARK [2][-]{subsection.69}{\376\377\000O\000u\000t\000l\000i\000e\000r\000s}{section.60}% 37
\BOOKMARK [1][-]{section.72}{\376\377\000M\000a\000i\000n\000\040\000r\000e\000s\000u\000l\000t\000s}{chapter.59}% 38
\BOOKMARK [2][-]{subsection.73}{\376\377\000S\000u\000m\000m\000a\000r\000y}{section.72}% 39
\BOOKMARK [1][-]{section.75}{\376\377\000B\000e\000t\000a\000-\000B\000i\000n\000o\000m\000i\000a\000l\000\040\000a\000n\000a\000l\000y\000s\000i\000s}{chapter.59}% 40
\BOOKMARK [1][-]{section.79}{\376\377\000L\000o\000g\000i\000s\000t\000i\000c\000\040\000r\000e\000g\000r\000e\000s\000s\000i\000o\000n\000\040\000a\000n\000a\000l\000y\000s\000i\000s}{chapter.59}% 41
\BOOKMARK [1][-]{section.82}{\376\377\000S\000V\000M\000\040\000a\000n\000a\000l\000y\000s\000i\000s}{chapter.59}% 42
\BOOKMARK [1][-]{section.84}{\376\377\000R\000N\000N\000\040\000a\000n\000a\000l\000y\000s\000i\000s}{chapter.59}% 43
\BOOKMARK [2][-]{subsection.85}{\376\377\000E\000a\000r\000l\000y\000\040\000s\000t\000o\000p\000p\000i\000n\000g}{section.84}% 44
\BOOKMARK [3][-]{section*.87}{\376\377\000H\000i\000d\000d\000e\000n\000\040\000L\000a\000y\000e\000r\000s}{subsection.85}% 45
\BOOKMARK [2][-]{subsection.88}{\376\377\000D\000e\000c\000l\000i\000n\000i\000n\000g\000\040\000s\000c\000o\000r\000e\000s}{section.84}% 46
\BOOKMARK [0][-]{chapter.93}{\376\377\000S\000u\000m\000m\000a\000r\000y}{}% 47
\BOOKMARK [1][-]{section.94}{\376\377\000C\000o\000n\000c\000l\000u\000s\000i\000o\000n}{chapter.93}% 48
\BOOKMARK [1][-]{section.95}{\376\377\000F\000u\000t\000u\000r\000e\000\040\000r\000e\000s\000e\000a\000r\000c\000h}{chapter.93}% 49
\BOOKMARK [0][-]{appendix.102}{\376\377\000A\000p\000p\000e\000n\000d\000i\000c\000e\000s}{}% 50
\BOOKMARK [1][-]{section.103}{\376\377\000A\000.\000\040\000F\000u\000r\000t\000h\000e\000r\000\040\000d\000e\000t\000a\000i\000l\000\040\000o\000f\000\040\000e\000x\000p\000e\000r\000i\000m\000e\000n\000t\000s}{appendix.102}% 51
\BOOKMARK [0][-]{appendix*.104}{\376\377\000B\000i\000b\000l\000i\000o\000g\000r\000a\000p\000h\000y}{}% 52
